Traceback (most recent call last):
  File "C:\Users\rullu\AppData\Local\Programs\Python\Python310\lib\site-packages\jupyter_cache\executors\utils.py", line 58, in single_nb_execution
    executenb(
  File "C:\Users\rullu\AppData\Local\Programs\Python\Python310\lib\site-packages\nbclient\client.py", line 1319, in execute
    return NotebookClient(nb=nb, resources=resources, km=km, **kwargs).execute()
  File "C:\Users\rullu\AppData\Local\Programs\Python\Python310\lib\site-packages\jupyter_core\utils\__init__.py", line 165, in wrapped
    return loop.run_until_complete(inner)
  File "C:\Users\rullu\AppData\Local\Programs\Python\Python310\lib\asyncio\base_events.py", line 649, in run_until_complete
    return future.result()
  File "C:\Users\rullu\AppData\Local\Programs\Python\Python310\lib\site-packages\nbclient\client.py", line 709, in async_execute
    await self.async_execute_cell(
  File "C:\Users\rullu\AppData\Local\Programs\Python\Python310\lib\site-packages\nbclient\client.py", line 1062, in async_execute_cell
    await self._check_raise_for_error(cell, cell_index, exec_reply)
  File "C:\Users\rullu\AppData\Local\Programs\Python\Python310\lib\site-packages\nbclient\client.py", line 918, in _check_raise_for_error
    raise CellExecutionError.from_cell_and_msg(cell, exec_reply_content)
nbclient.exceptions.CellExecutionError: An error occurred while executing the following cell:
------------------
from DataStructureCode.SimpleLinkedList import *
a = SimpleLinkedList()
print("Elements in the linked list: after adding 5 elements" )
a.append(5); a.append(4); a.append(3); a.append(2); a.append(1)
a.printList()

print("Elements in the linked list after inserting 10 in index 2: " )
a.insert(2,10)
a.printList()
------------------


[1;31m-----------------------------------------------------------[0m
[1;31mModuleNotFoundError[0m       Traceback (most recent call last)
Cell [1;32mIn[3], line 1[0m
[1;32m----> 1[0m [38;5;28;01mfrom[39;00m[38;5;250m [39m[38;5;21;01mDataStructureCode[39;00m[38;5;21;01m.[39;00m[38;5;21;01mSimpleLinkedList[39;00m[38;5;250m [39m[38;5;28;01mimport[39;00m [38;5;241m*[39m
[0;32m      2[0m a [38;5;241m=[39m SimpleLinkedList()
[0;32m      3[0m [38;5;28mprint[39m([38;5;124m"[39m[38;5;124mElements in the linked list: after adding 5 elements[39m[38;5;124m"[39m )

File [1;32m~\OneDrive\바탕화~1-DESKTOP-1EHQRE9-9050723\EWHA\JupyterBook\template_jupyterbook\DataStructureCode\SimpleLinkedList.py:1[0m
[1;32m----> 1[0m [38;5;28;01mfrom[39;00m[38;5;250m [39m[38;5;21;01mListNode[39;00m[38;5;250m [39m[38;5;28;01mimport[39;00m [38;5;241m*[39m
[0;32m      4[0m [38;5;28;01mclass[39;00m[38;5;250m [39m[38;5;21;01mSimpleLinkedList[39;00m:
[0;32m      5[0m 	[38;5;28;01mdef[39;00m[38;5;250m [39m[38;5;21m__init__[39m([38;5;28mself[39m):

[1;31mModuleNotFoundError[0m: No module named 'ListNode'

